{"message":"Could not get the genres","stack":"Error: Could not get the genres\n    at C:\\Users\\eskan\\OneDrive\\Desktop\\js\\Vildy\\routes\\genres.js:13:11\n    at newFn (C:\\Users\\eskan\\OneDrive\\Desktop\\js\\Vildy\\node_modules\\express-async-errors\\index.js:16:20)\n    at Layer.handle [as handle_request] (C:\\Users\\eskan\\OneDrive\\Desktop\\js\\Vildy\\node_modules\\express\\lib\\router\\layer.js:95:5)\n    at next (C:\\Users\\eskan\\OneDrive\\Desktop\\js\\Vildy\\node_modules\\express\\lib\\router\\route.js:144:13)\n    at Route.dispatch (C:\\Users\\eskan\\OneDrive\\Desktop\\js\\Vildy\\node_modules\\express\\lib\\router\\route.js:114:3)\n    at newFn (C:\\Users\\eskan\\OneDrive\\Desktop\\js\\Vildy\\node_modules\\express-async-errors\\index.js:16:20)\n    at Layer.handle [as handle_request] (C:\\Users\\eskan\\OneDrive\\Desktop\\js\\Vildy\\node_modules\\express\\lib\\router\\layer.js:95:5)\n    at C:\\Users\\eskan\\OneDrive\\Desktop\\js\\Vildy\\node_modules\\express\\lib\\router\\index.js:284:15\n    at Function.process_params (C:\\Users\\eskan\\OneDrive\\Desktop\\js\\Vildy\\node_modules\\express\\lib\\router\\index.js:346:12)\n    at next (C:\\Users\\eskan\\OneDrive\\Desktop\\js\\Vildy\\node_modules\\express\\lib\\router\\index.js:280:10)\n    at Function.handle (C:\\Users\\eskan\\OneDrive\\Desktop\\js\\Vildy\\node_modules\\express\\lib\\router\\index.js:175:3)\n    at router (C:\\Users\\eskan\\OneDrive\\Desktop\\js\\Vildy\\node_modules\\express\\lib\\router\\index.js:47:12)\n    at newFn (C:\\Users\\eskan\\OneDrive\\Desktop\\js\\Vildy\\node_modules\\express-async-errors\\index.js:16:20)\n    at Layer.handle [as handle_request] (C:\\Users\\eskan\\OneDrive\\Desktop\\js\\Vildy\\node_modules\\express\\lib\\router\\layer.js:95:5)\n    at trim_prefix (C:\\Users\\eskan\\OneDrive\\Desktop\\js\\Vildy\\node_modules\\express\\lib\\router\\index.js:328:13)\n    at C:\\Users\\eskan\\OneDrive\\Desktop\\js\\Vildy\\node_modules\\express\\lib\\router\\index.js:286:9","level":"error","timestamp":"2023-07-20T07:30:25.256Z"}
{"level":"error","message":"Could not get the genres Could not get the genres","stack":"Error: Could not get the genres\n    at C:\\Users\\eskan\\OneDrive\\Desktop\\js\\Vildy\\routes\\genres.js:13:11\n    at newFn (C:\\Users\\eskan\\OneDrive\\Desktop\\js\\Vildy\\node_modules\\express-async-errors\\index.js:16:20)\n    at Layer.handle [as handle_request] (C:\\Users\\eskan\\OneDrive\\Desktop\\js\\Vildy\\node_modules\\express\\lib\\router\\layer.js:95:5)\n    at next (C:\\Users\\eskan\\OneDrive\\Desktop\\js\\Vildy\\node_modules\\express\\lib\\router\\route.js:144:13)\n    at Route.dispatch (C:\\Users\\eskan\\OneDrive\\Desktop\\js\\Vildy\\node_modules\\express\\lib\\router\\route.js:114:3)\n    at newFn (C:\\Users\\eskan\\OneDrive\\Desktop\\js\\Vildy\\node_modules\\express-async-errors\\index.js:16:20)\n    at Layer.handle [as handle_request] (C:\\Users\\eskan\\OneDrive\\Desktop\\js\\Vildy\\node_modules\\express\\lib\\router\\layer.js:95:5)\n    at C:\\Users\\eskan\\OneDrive\\Desktop\\js\\Vildy\\node_modules\\express\\lib\\router\\index.js:284:15\n    at Function.process_params (C:\\Users\\eskan\\OneDrive\\Desktop\\js\\Vildy\\node_modules\\express\\lib\\router\\index.js:346:12)\n    at next (C:\\Users\\eskan\\OneDrive\\Desktop\\js\\Vildy\\node_modules\\express\\lib\\router\\index.js:280:10)\n    at Function.handle (C:\\Users\\eskan\\OneDrive\\Desktop\\js\\Vildy\\node_modules\\express\\lib\\router\\index.js:175:3)\n    at router (C:\\Users\\eskan\\OneDrive\\Desktop\\js\\Vildy\\node_modules\\express\\lib\\router\\index.js:47:12)\n    at newFn (C:\\Users\\eskan\\OneDrive\\Desktop\\js\\Vildy\\node_modules\\express-async-errors\\index.js:16:20)\n    at Layer.handle [as handle_request] (C:\\Users\\eskan\\OneDrive\\Desktop\\js\\Vildy\\node_modules\\express\\lib\\router\\layer.js:95:5)\n    at trim_prefix (C:\\Users\\eskan\\OneDrive\\Desktop\\js\\Vildy\\node_modules\\express\\lib\\router\\index.js:328:13)\n    at C:\\Users\\eskan\\OneDrive\\Desktop\\js\\Vildy\\node_modules\\express\\lib\\router\\index.js:286:9"}
{"level":"error","message":"Could not get the genres Could not get the genres","stack":"Error: Could not get the genres\n    at C:\\Users\\eskan\\OneDrive\\Desktop\\js\\Vildy\\routes\\genres.js:13:11\n    at newFn (C:\\Users\\eskan\\OneDrive\\Desktop\\js\\Vildy\\node_modules\\express-async-errors\\index.js:16:20)\n    at Layer.handle [as handle_request] (C:\\Users\\eskan\\OneDrive\\Desktop\\js\\Vildy\\node_modules\\express\\lib\\router\\layer.js:95:5)\n    at next (C:\\Users\\eskan\\OneDrive\\Desktop\\js\\Vildy\\node_modules\\express\\lib\\router\\route.js:144:13)\n    at Route.dispatch (C:\\Users\\eskan\\OneDrive\\Desktop\\js\\Vildy\\node_modules\\express\\lib\\router\\route.js:114:3)\n    at newFn (C:\\Users\\eskan\\OneDrive\\Desktop\\js\\Vildy\\node_modules\\express-async-errors\\index.js:16:20)\n    at Layer.handle [as handle_request] (C:\\Users\\eskan\\OneDrive\\Desktop\\js\\Vildy\\node_modules\\express\\lib\\router\\layer.js:95:5)\n    at C:\\Users\\eskan\\OneDrive\\Desktop\\js\\Vildy\\node_modules\\express\\lib\\router\\index.js:284:15\n    at Function.process_params (C:\\Users\\eskan\\OneDrive\\Desktop\\js\\Vildy\\node_modules\\express\\lib\\router\\index.js:346:12)\n    at next (C:\\Users\\eskan\\OneDrive\\Desktop\\js\\Vildy\\node_modules\\express\\lib\\router\\index.js:280:10)\n    at Function.handle (C:\\Users\\eskan\\OneDrive\\Desktop\\js\\Vildy\\node_modules\\express\\lib\\router\\index.js:175:3)\n    at router (C:\\Users\\eskan\\OneDrive\\Desktop\\js\\Vildy\\node_modules\\express\\lib\\router\\index.js:47:12)\n    at newFn (C:\\Users\\eskan\\OneDrive\\Desktop\\js\\Vildy\\node_modules\\express-async-errors\\index.js:16:20)\n    at Layer.handle [as handle_request] (C:\\Users\\eskan\\OneDrive\\Desktop\\js\\Vildy\\node_modules\\express\\lib\\router\\layer.js:95:5)\n    at trim_prefix (C:\\Users\\eskan\\OneDrive\\Desktop\\js\\Vildy\\node_modules\\express\\lib\\router\\index.js:328:13)\n    at C:\\Users\\eskan\\OneDrive\\Desktop\\js\\Vildy\\node_modules\\express\\lib\\router\\index.js:286:9"}
{"level":"error","message":"Could not get the genres"}
{"level":"error","message":"Could not get the genres"}
{"level":"error","message":"Could not get the genres"}
{"level":"error","message":"Could not get the genres Could not get the genres","stack":"Error: Could not get the genres\n    at C:\\Users\\eskan\\OneDrive\\Desktop\\js\\Vildy\\routes\\genres.js:13:11\n    at newFn (C:\\Users\\eskan\\OneDrive\\Desktop\\js\\Vildy\\node_modules\\express-async-errors\\index.js:16:20)\n    at Layer.handle [as handle_request] (C:\\Users\\eskan\\OneDrive\\Desktop\\js\\Vildy\\node_modules\\express\\lib\\router\\layer.js:95:5)\n    at next (C:\\Users\\eskan\\OneDrive\\Desktop\\js\\Vildy\\node_modules\\express\\lib\\router\\route.js:144:13)\n    at Route.dispatch (C:\\Users\\eskan\\OneDrive\\Desktop\\js\\Vildy\\node_modules\\express\\lib\\router\\route.js:114:3)\n    at newFn (C:\\Users\\eskan\\OneDrive\\Desktop\\js\\Vildy\\node_modules\\express-async-errors\\index.js:16:20)\n    at Layer.handle [as handle_request] (C:\\Users\\eskan\\OneDrive\\Desktop\\js\\Vildy\\node_modules\\express\\lib\\router\\layer.js:95:5)\n    at C:\\Users\\eskan\\OneDrive\\Desktop\\js\\Vildy\\node_modules\\express\\lib\\router\\index.js:284:15\n    at Function.process_params (C:\\Users\\eskan\\OneDrive\\Desktop\\js\\Vildy\\node_modules\\express\\lib\\router\\index.js:346:12)\n    at next (C:\\Users\\eskan\\OneDrive\\Desktop\\js\\Vildy\\node_modules\\express\\lib\\router\\index.js:280:10)\n    at Function.handle (C:\\Users\\eskan\\OneDrive\\Desktop\\js\\Vildy\\node_modules\\express\\lib\\router\\index.js:175:3)\n    at router (C:\\Users\\eskan\\OneDrive\\Desktop\\js\\Vildy\\node_modules\\express\\lib\\router\\index.js:47:12)\n    at newFn (C:\\Users\\eskan\\OneDrive\\Desktop\\js\\Vildy\\node_modules\\express-async-errors\\index.js:16:20)\n    at Layer.handle [as handle_request] (C:\\Users\\eskan\\OneDrive\\Desktop\\js\\Vildy\\node_modules\\express\\lib\\router\\layer.js:95:5)\n    at trim_prefix (C:\\Users\\eskan\\OneDrive\\Desktop\\js\\Vildy\\node_modules\\express\\lib\\router\\index.js:328:13)\n    at C:\\Users\\eskan\\OneDrive\\Desktop\\js\\Vildy\\node_modules\\express\\lib\\router\\index.js:286:9"}
{"level":"error","message":"Something went wrong during starting Something went wrong during starting","stack":"Error: Something went wrong during starting\n    at Object.<anonymous> (C:\\Users\\eskan\\OneDrive\\Desktop\\js\\Vildy\\app.js:36:7)\n    at Module._compile (node:internal/modules/cjs/loader:1254:14)\n    at Module._extensions..js (node:internal/modules/cjs/loader:1308:10)\n    at Module.load (node:internal/modules/cjs/loader:1117:32)\n    at Module._load (node:internal/modules/cjs/loader:958:12)\n    at Function.executeUserEntryPoint [as runMain] (node:internal/modules/run_main:81:12)\n    at node:internal/main/run_main_module:23:47"}
{"level":"info","message":"Successfully Connected..."}
{"level":"info","message":"Successfully Connected..."}
{"level":"info","message":"Successfully Connected..."}
{"level":"info","message":"Successfully Connected..."}
{"level":"info","message":"Successfully Connected..."}
{"level":"info","message":"Successfully Connected..."}
{"level":"info","message":"Successfully Connected..."}
{"level":"info","message":"Successfully Connected..."}
{"level":"info","message":"Successfully Connected..."}
{"level":"info","message":"Successfully Connected..."}
{"level":"info","message":"Successfully Connected..."}
{"level":"info","message":"Successfully Connected..."}
{"level":"info","message":"Successfully Connected..."}
{"level":"info","message":"Successfully Connected..."}
{"level":"info","message":"Successfully Connected..."}
{"level":"info","message":"Successfully Connected..."}
{"level":"info","message":"Successfully Connected..."}
{"level":"info","message":"Successfully Connected..."}
{"level":"info","message":"Successfully Connected..."}
{"level":"info","message":"Successfully Connected..."}
{"level":"info","message":"Successfully Connected..."}
{"level":"info","message":"Successfully Connected..."}
{"level":"info","message":"Successfully Connected..."}
{"level":"info","message":"Successfully Connected..."}
{"level":"info","message":"Listening on port 3000..."}
{"level":"info","message":"Successfully Connected..."}
{"level":"info","message":"Listening on port 3000..."}
{"level":"info","message":"Successfully Connected..."}
{"level":"info","message":"Successfully Connected..."}
{"level":"info","message":"Successfully Connected..."}
{"level":"info","message":"Successfully Connected..."}
{"level":"info","message":"Successfully Connected..."}
{"level":"info","message":"Successfully Connected..."}
{"level":"info","message":"Listening on port 3000..."}
{"level":"info","message":"Successfully Connected..."}
